<?xml version="1.0" encoding="UTF-8"?>
<!-- Generated by org.testng.reporters.JUnitXMLReporter -->
<testsuite ignored="0" hostname="LAPTOP-7CA64VH5" failures="0" tests="4" name="TestngRoot" time="0.074" errors="0" timestamp="21 Apr 2019 19:00:07 GMT">
  <testcase classname="com.automation.TestngRoot" name="login" time="0.017"/>
  <testcase classname="com.automation.TestngRoot" name="logout" time="0.012"/>
  <testcase classname="com.automation.TestngRoot" name="close" time="0.0"/>
  <testcase classname="com.automation.TestngHRMS" name="SearchEmployee" time="0.0"/>
</testsuite> <!-- TestngRoot -->
