<?xml version="1.0" encoding="UTF-8"?>
<testng-results ignored="0" total="2" passed="2" failed="0" skipped="0">
  <reporter-output>
  </reporter-output>
  <suite started-at="2019-08-18T15:38:51Z" name="Suite" finished-at="2019-08-18T15:38:51Z" duration-ms="68">
    <groups>
    </groups>
    <test started-at="2019-08-18T15:38:51Z" name="TestNGDemo" finished-at="2019-08-18T15:38:51Z" duration-ms="68">
      <class name="com.automation.TestPractice">
        <test-method signature="printData()[pri:0, instance:com.automation.TestPractice@5c30a9b0]" started-at="2019-08-18T15:38:51Z" name="printData" finished-at="2019-08-18T15:38:51Z" duration-ms="2" status="PASS">
          <reporter-output>
          </reporter-output>
        </test-method> <!-- printData -->
      </class> <!-- com.automation.TestPractice -->
      <class name="com.automation.TestNGDemo">
        <test-method signature="display()[pri:0, instance:com.automation.TestNGDemo@635eaaf1]" started-at="2019-08-18T15:38:51Z" name="display" finished-at="2019-08-18T15:38:51Z" duration-ms="14" status="PASS">
          <reporter-output>
          </reporter-output>
        </test-method> <!-- display -->
      </class> <!-- com.automation.TestNGDemo -->
    </test> <!-- TestNGDemo -->
  </suite> <!-- Suite -->
</testng-results>
